<?xml version="1.0" encoding="UTF-8"?>
<testsuite xmlns:xsi="http://www.w3.org/2001/XMLSchema-instance" xsi:noNamespaceSchemaLocation="https://maven.apache.org/surefire/maven-surefire-plugin/xsd/surefire-test-report-3.0.xsd" version="3.0" name="com.pruebas.runners.api.AutenticacionApiRunner" time="7.688" tests="4" errors="0" skipped="0" failures="0">
  <properties>
[...]
</properties>
  <testcase name="Crear usuario exitosamente" classname="Autenticación de usuarios por API en Contact List App" time="3.599">
    <system-out><![CDATA[Request method:	POST
Request URI:	https://thinking-tester-contact-list.herokuapp.com/users
Proxy:			<none>
Request params:	<none>
Query params:	<none>
Form params:	<none>
Path params:	<none>
Headers:		Accept=*/*
				Content-Type=application/json
Cookies:		<none>
Multiparts:		<none>
Body:
{
    "firstName": "Pedro",
    "lastName": "Lopez",
    "password": "password123",
    "email": "pedro1_1782145503647@test.com"
}
HTTP/1.1 201 Created
Content-Length: 290
Content-Type: application/json; charset=utf-8
Date: Mon, 22 Jun 2026 16:25:06 GMT
Etag: W/"122-5dPWxWOFa7HYO0AHa2sQKgF70+s"
Nel: {"report_to":"heroku-nel","response_headers":["Via"],"max_age":3600,"success_fraction":0.01,"failure_fraction":0.1}
Report-To: {"group":"heroku-nel","endpoints":[{"url":"https://nel.heroku.com/reports?s=uQaNyk1GFIjLsBfzy7AymkmonwEdAwJbedM54pLNAC0%3D\u0026sid=af571f24-03ee-46d1-9f90-ab9030c2c74c\u0026ts=1782145506"}],"max_age":3600}
Reporting-Endpoints: heroku-nel="https://nel.heroku.com/reports?s=uQaNyk1GFIjLsBfzy7AymkmonwEdAwJbedM54pLNAC0%3D&sid=af571f24-03ee-46d1-9f90-ab9030c2c74c&ts=1782145506"
Server: Heroku
Set-Cookie: token=eyJhbGciOiJIUzI1NiIsInR5cCI6IkpXVCJ9.eyJfaWQiOiI2YTM5NjFlMjQ0MTM0OTAwMTVmZDIyMmQiLCJpYXQiOjE3ODIxNDU1MDZ9.X_-EIV29KKRB3MU7yULycGJqXeGgWdoH6BpGzIEHaMQ; Max-Age=684; Path=/; Expires=Mon, 22 Jun 2026 16:36:30 GMT
Via: 1.1 heroku-router
X-Powered-By: Express

{
    "user": {
        "_id": "6a3961e24413490015fd222d",
        "firstName": "Pedro",
        "lastName": "Lopez",
        "email": "pedro1_1782145503647@test.com",
        "__v": 1
    },
    "token": "eyJhbGciOiJIUzI1NiIsInR5cCI6IkpXVCJ9.eyJfaWQiOiI2YTM5NjFlMjQ0MTM0OTAwMTVmZDIyMmQiLCJpYXQiOjE3ODIxNDU1MDZ9.X_-EIV29KKRB3MU7yULycGJqXeGgWdoH6BpGzIEHaMQ"
}
]]></system-out>
    <system-err><![CDATA[[main] INFO  - 

-------------------------------------------------------------------------------------
     _______. _______ .______       _______ .__   __.  __  .___________.____    ____ 
    /       ||   ____||   _  \     |   ____||  \ |  | |  | |           |\   \  /   / 
   |   (----`|  |__   |  |_)  |    |  |__   |   \|  | |  | `---|  |----` \   \/   /  
    \   \    |   __|  |      /     |   __|  |  . `  | |  |     |  |       \_    _/   
.----)   |   |  |____ |  |\  \----.|  |____ |  |\   | |  |     |  |         |  |     
|_______/    |_______|| _| `._____||_______||__| \__| |__|     |__|         |__|    
                                                                                     
 News and tutorials at https://serenity-bdd.info                                     
 Documentation at https://serenity-bdd.github.io                                     
 Test Automation Training and Coaching: https://www.serenity-dojo.com                
 Commercial Support: https://www.serenity-dojo.com/serenity-bdd-enterprise-support   
 Join the Serenity Community on Gitter: https://gitter.im/serenity-bdd/serenity-core 
-------------------------------------------------------------------------------------

[main] INFO  - Test Suite Started: Autenticación de usuarios por API en Contact List App
[main] INFO  - Test Suite Started: Autenticación de usuarios por API en Contact List App
[main] INFO  - 
  _____   ___   ___   _____     ___   _____     _     ___   _____   ___   ___  
 |_   _| | __| / __| |_   _|   / __| |_   _|   /_\   | _ \ |_   _| | __| |   \ 
   | |   | _|  \__ \   | |     \__ \   | |    / _ \  |   /   | |   | _|  | |) |
   |_|   |___| |___/   |_|     |___/   |_|   /_/ \_\ |_|_\   |_|   |___| |___/ 

Crear usuario exitosamente(autenticación-de-usuarios-por-api-en-contact-list-app;crear-usuario-exitosamente)
--------------------------------------------------------------------------------
[main] INFO  - 
  _____   ___   ___   _____     ___     _     ___   ___   ___   ___  
 |_   _| | __| / __| |_   _|   | _ \   /_\   / __| / __| | __| |   \ 
   | |   | _|  \__ \   | |     |  _/  / _ \  \__ \ \__ \ | _|  | |) |
   |_|   |___| |___/   |_|     |_|   /_/ \_\ |___/ |___/ |___| |___/ 

Crear usuario exitosamente
----------------------------------------------------------------------
]]></system-err>
  </testcase>
  <testcase name="Login exitoso" classname="Autenticación de usuarios por API en Contact List App" time="1.366">
    <system-out><![CDATA[Request method:	POST
Request URI:	https://thinking-tester-contact-list.herokuapp.com/users
Proxy:			<none>
Request params:	<none>
Query params:	<none>
Form params:	<none>
Path params:	<none>
Headers:		Accept=*/*
				Content-Type=application/json
Cookies:		<none>
Multiparts:		<none>
Body:
{
    "firstName": "Laura",
    "lastName": "Gomez",
    "password": "password123",
    "email": "laura_api_ok1@test.com"
}
HTTP/1.1 201 Created
Content-Length: 283
Content-Type: application/json; charset=utf-8
Date: Mon, 22 Jun 2026 16:25:07 GMT
Etag: W/"11b-GhV1Js6iwAZGD7O83fa/Ys72DdM"
Nel: {"report_to":"heroku-nel","response_headers":["Via"],"max_age":3600,"success_fraction":0.01,"failure_fraction":0.1}
Report-To: {"group":"heroku-nel","endpoints":[{"url":"https://nel.heroku.com/reports?s=Dvaj3EINU7jjVc%2Blds7wWG9Nl9mHceIEFg%2FxAak7i10%3D\u0026sid=af571f24-03ee-46d1-9f90-ab9030c2c74c\u0026ts=1782145507"}],"max_age":3600}
Reporting-Endpoints: heroku-nel="https://nel.heroku.com/reports?s=Dvaj3EINU7jjVc%2Blds7wWG9Nl9mHceIEFg%2FxAak7i10%3D&sid=af571f24-03ee-46d1-9f90-ab9030c2c74c&ts=1782145507"
Server: Heroku
Set-Cookie: token=eyJhbGciOiJIUzI1NiIsInR5cCI6IkpXVCJ9.eyJfaWQiOiI2YTM5NjFlMzQ0MTM0OTAwMTVmZDIyMmYiLCJpYXQiOjE3ODIxNDU1MDd9.ZCp1W0Q8pQyufjoZF8xu4bjq-8I2Gpl9MD1a1pk6j2A; Max-Age=684; Path=/; Expires=Mon, 22 Jun 2026 16:36:31 GMT
Via: 1.1 heroku-router
X-Powered-By: Express

{
    "user": {
        "_id": "6a3961e34413490015fd222f",
        "firstName": "Laura",
        "lastName": "Gomez",
        "email": "laura_api_ok1@test.com",
        "__v": 1
    },
    "token": "eyJhbGciOiJIUzI1NiIsInR5cCI6IkpXVCJ9.eyJfaWQiOiI2YTM5NjFlMzQ0MTM0OTAwMTVmZDIyMmYiLCJpYXQiOjE3ODIxNDU1MDd9.ZCp1W0Q8pQyufjoZF8xu4bjq-8I2Gpl9MD1a1pk6j2A"
}
]]></system-out>
    <system-err><![CDATA[[main] INFO  - 
  _____   ___   ___   _____     ___   _____     _     ___   _____   ___   ___  
 |_   _| | __| / __| |_   _|   / __| |_   _|   /_\   | _ \ |_   _| | __| |   \ 
   | |   | _|  \__ \   | |     \__ \   | |    / _ \  |   /   | |   | _|  | |) |
   |_|   |___| |___/   |_|     |___/   |_|   /_/ \_\ |_|_\   |_|   |___| |___/ 

Login exitoso(autenticación-de-usuarios-por-api-en-contact-list-app;login-exitoso)
--------------------------------------------------------------------------------
[main] INFO  - 
  _____   ___   ___   _____     ___     _     ___   ___   ___   ___  
 |_   _| | __| / __| |_   _|   | _ \   /_\   / __| / __| | __| |   \ 
   | |   | _|  \__ \   | |     |  _/  / _ \  \__ \ \__ \ | _|  | |) |
   |_|   |___| |___/   |_|     |_|   /_/ \_\ |___/ |___/ |___| |___/ 

Login exitoso
----------------------------------------------------------------------
]]></system-err>
  </testcase>
  <testcase name="Obtener perfil del usuario autenticado" classname="Autenticación de usuarios por API en Contact List App" time="1.441">
    <system-out><![CDATA[Request method:	POST
Request URI:	https://thinking-tester-contact-list.herokuapp.com/users
Proxy:			<none>
Request params:	<none>
Query params:	<none>
Form params:	<none>
Path params:	<none>
Headers:		Accept=*/*
				Content-Type=application/json
Cookies:		<none>
Multiparts:		<none>
Body:
{
    "firstName": "Mario",
    "lastName": "Ruiz",
    "password": "password123",
    "email": "mario_api_me1@test.com"
}
HTTP/1.1 201 Created
Content-Length: 282
Content-Type: application/json; charset=utf-8
Date: Mon, 22 Jun 2026 16:25:08 GMT
Etag: W/"11a-WSQ3B6nWRS16egZcyyFIG1i00As"
Nel: {"report_to":"heroku-nel","response_headers":["Via"],"max_age":3600,"success_fraction":0.01,"failure_fraction":0.1}
Report-To: {"group":"heroku-nel","endpoints":[{"url":"https://nel.heroku.com/reports?s=hcg67rkJ4MfWrdfv2iyKTz3JTPuM45P0rHQbOXJEL88%3D\u0026sid=af571f24-03ee-46d1-9f90-ab9030c2c74c\u0026ts=1782145508"}],"max_age":3600}
Reporting-Endpoints: heroku-nel="https://nel.heroku.com/reports?s=hcg67rkJ4MfWrdfv2iyKTz3JTPuM45P0rHQbOXJEL88%3D&sid=af571f24-03ee-46d1-9f90-ab9030c2c74c&ts=1782145508"
Server: Heroku
Set-Cookie: token=eyJhbGciOiJIUzI1NiIsInR5cCI6IkpXVCJ9.eyJfaWQiOiI2YTM5NjFlNDQ0MTM0OTAwMTVmZDIyMzIiLCJpYXQiOjE3ODIxNDU1MDh9.4QqnJEgawNdx4piG8S-7-FWLJORGguY-ur9BE0-EIeU; Max-Age=684; Path=/; Expires=Mon, 22 Jun 2026 16:36:32 GMT
Via: 1.1 heroku-router
X-Powered-By: Express

{
    "user": {
        "_id": "6a3961e44413490015fd2232",
        "firstName": "Mario",
        "lastName": "Ruiz",
        "email": "mario_api_me1@test.com",
        "__v": 1
    },
    "token": "eyJhbGciOiJIUzI1NiIsInR5cCI6IkpXVCJ9.eyJfaWQiOiI2YTM5NjFlNDQ0MTM0OTAwMTVmZDIyMzIiLCJpYXQiOjE3ODIxNDU1MDh9.4QqnJEgawNdx4piG8S-7-FWLJORGguY-ur9BE0-EIeU"
}
]]></system-out>
    <system-err><![CDATA[[main] INFO  - 
  _____   ___   ___   _____     ___   _____     _     ___   _____   ___   ___  
 |_   _| | __| / __| |_   _|   / __| |_   _|   /_\   | _ \ |_   _| | __| |   \ 
   | |   | _|  \__ \   | |     \__ \   | |    / _ \  |   /   | |   | _|  | |) |
   |_|   |___| |___/   |_|     |___/   |_|   /_/ \_\ |_|_\   |_|   |___| |___/ 

Obtener perfil del usuario autenticado(autenticación-de-usuarios-por-api-en-contact-list-app;obtener-perfil-del-usuario-autenticado)
--------------------------------------------------------------------------------
[main] INFO  - 
  _____   ___   ___   _____     ___     _     ___   ___   ___   ___  
 |_   _| | __| / __| |_   _|   | _ \   /_\   / __| / __| | __| |   \ 
   | |   | _|  \__ \   | |     |  _/  / _ \  \__ \ \__ \ | _|  | |) |
   |_|   |___| |___/   |_|     |_|   /_/ \_\ |___/ |___/ |___| |___/ 

Obtener perfil del usuario autenticado
----------------------------------------------------------------------
]]></system-err>
  </testcase>
  <testcase name="Login fallido con contraseña incorrecta" classname="Autenticación de usuarios por API en Contact List App" time="0.969">
    <system-out><![CDATA[Request method:	POST
Request URI:	https://thinking-tester-contact-list.herokuapp.com/users
Proxy:			<none>
Request params:	<none>
Query params:	<none>
Form params:	<none>
Path params:	<none>
Headers:		Accept=*/*
				Content-Type=application/json
Cookies:		<none>
Multiparts:		<none>
Body:
{
    "firstName": "Sofia",
    "lastName": "Diaz",
    "password": "password123",
    "email": "sofia_api_fail1@test.com"
}
HTTP/1.1 201 Created
Content-Length: 284
Content-Type: application/json; charset=utf-8
Date: Mon, 22 Jun 2026 16:25:10 GMT
Etag: W/"11c-Ts7EqWbV1iyvUh5nh1LPD04La6I"
Nel: {"report_to":"heroku-nel","response_headers":["Via"],"max_age":3600,"success_fraction":0.01,"failure_fraction":0.1}
Report-To: {"group":"heroku-nel","endpoints":[{"url":"https://nel.heroku.com/reports?s=YQ0fRRMLRD7p2Md1Nw4%2FZQoaADQx8%2FCv5G9MFA4ky2U%3D\u0026sid=af571f24-03ee-46d1-9f90-ab9030c2c74c\u0026ts=1782145509"}],"max_age":3600}
Reporting-Endpoints: heroku-nel="https://nel.heroku.com/reports?s=YQ0fRRMLRD7p2Md1Nw4%2FZQoaADQx8%2FCv5G9MFA4ky2U%3D&sid=af571f24-03ee-46d1-9f90-ab9030c2c74c&ts=1782145509"
Server: Heroku
Set-Cookie: token=eyJhbGciOiJIUzI1NiIsInR5cCI6IkpXVCJ9.eyJfaWQiOiI2YTM5NjFlNTQ0MjdjZTAwMTUyODM4YzIiLCJpYXQiOjE3ODIxNDU1MDl9.YzGXp-sd7ltJj48dk_RiHfHD9zn97LcnLWggHYXkn4s; Max-Age=684; Path=/; Expires=Mon, 22 Jun 2026 16:36:34 GMT
Via: 1.1 heroku-router
X-Powered-By: Express

{
    "user": {
        "_id": "6a3961e54427ce00152838c2",
        "firstName": "Sofia",
        "lastName": "Diaz",
        "email": "sofia_api_fail1@test.com",
        "__v": 1
    },
    "token": "eyJhbGciOiJIUzI1NiIsInR5cCI6IkpXVCJ9.eyJfaWQiOiI2YTM5NjFlNTQ0MjdjZTAwMTUyODM4YzIiLCJpYXQiOjE3ODIxNDU1MDl9.YzGXp-sd7ltJj48dk_RiHfHD9zn97LcnLWggHYXkn4s"
}
]]></system-out>
    <system-err><![CDATA[[main] INFO  - 
  _____   ___   ___   _____     ___   _____     _     ___   _____   ___   ___  
 |_   _| | __| / __| |_   _|   / __| |_   _|   /_\   | _ \ |_   _| | __| |   \ 
   | |   | _|  \__ \   | |     \__ \   | |    / _ \  |   /   | |   | _|  | |) |
   |_|   |___| |___/   |_|     |___/   |_|   /_/ \_\ |_|_\   |_|   |___| |___/ 

Login fallido con contraseña incorrecta(autenticación-de-usuarios-por-api-en-contact-list-app;login-fallido-con-contraseña-incorrecta)
--------------------------------------------------------------------------------
[main] INFO  - 
  _____   ___   ___   _____     ___     _     ___   ___   ___   ___  
 |_   _| | __| / __| |_   _|   | _ \   /_\   / __| / __| | __| |   \ 
   | |   | _|  \__ \   | |     |  _/  / _ \  \__ \ \__ \ | _|  | |) |
   |_|   |___| |___/   |_|     |_|   /_/ \_\ |___/ |___/ |___| |___/ 

Login fallido con contraseña incorrecta
----------------------------------------------------------------------
]]></system-err>
  </testcase>
</testsuite>