<?xml version="1.0" encoding="UTF-8"?>
<testsuite xmlns:xsi="http://www.w3.org/2001/XMLSchema-instance" xsi:noNamespaceSchemaLocation="https://maven.apache.org/surefire/maven-surefire-plugin/xsd/surefire-test-report-3.0.xsd" version="3.0" name="com.pruebas.runners.AutenticacionUIRunner" time="24.767" tests="4" errors="0" skipped="0" failures="0">
  <properties>
[...]
</properties>
  <testcase name="Login con credenciales válidas" classname="Gestión de autenticación y contactos en Contact List App" time="6.177">
    <system-out><![CDATA[
Scenario: Login con credenciales válidas                                                               # src/test/resources/features/ui/autenticacion_ui.feature:6
  Given que Ana abre la aplicación de Contact List                                                     # com.pruebas.ui.stepdefinitions.AutenticacionUISteps.que_abre_la_aplicacion_de_contact_list(java.lang.String)
  Given que existe un usuario registrado con email "ana_login_ok4@test.com" y contraseña "password123" # com.pruebas.ui.stepdefinitions.AutenticacionUISteps.que_existe_un_usuario_registrado(java.lang.String,java.lang.String)
  When inicia sesión con email "ana_login_ok4@test.com" y contraseña "password123"                     # com.pruebas.ui.stepdefinitions.AutenticacionUISteps.inicia_sesion_con_email_y_contrasena(java.lang.String,java.lang.String)
  Then debería ver la lista de contactos                                                               # com.pruebas.ui.stepdefinitions.AutenticacionUISteps.deberia_ver_la_lista_de_contactos()
]]></system-out>
    <system-err><![CDATA[[main] INFO  - Test Suite Started: Gestión de autenticación y contactos en Contact List App
[main] INFO  - Test Suite Started: Gestión de autenticación y contactos en Contact List App
[main] INFO  - 
  _____   ___   ___   _____     ___   _____     _     ___   _____   ___   ___  
 |_   _| | __| / __| |_   _|   / __| |_   _|   /_\   | _ \ |_   _| | __| |   \ 
   | |   | _|  \__ \   | |     \__ \   | |    / _ \  |   /   | |   | _|  | |) |
   |_|   |___| |___/   |_|     |___/   |_|   /_/ \_\ |_|_\   |_|   |___| |___/ 

Login con credenciales válidas(gestión-de-autenticación-y-contactos-en-contact-list-app;login-con-credenciales-válidas)
--------------------------------------------------------------------------------
[main] INFO net.serenitybdd.core.webdriver.driverproviders.ChromeDriverProvider - Starting Chrome driver instance with capabilities:
[main] INFO net.serenitybdd.core.webdriver.driverproviders.ChromeDriverProvider - Capabilities {acceptInsecureCerts: false, browserName: chrome, goog:chromeOptions: {args: [remote-allow-origins=*], extensions: []}}
jun 22, 2026 11:25:12 A. M. org.openqa.selenium.devtools.CdpVersionFinder findNearestMatch
WARNING: Unable to find CDP implementation matching 149
jun 22, 2026 11:25:12 A. M. org.openqa.selenium.chromium.ChromiumDriver lambda$new$4
WARNING: Unable to find version of CDP to use for 149.0.7827.156. You may need to include a dependency on a specific version of the CDP using something similar to `org.seleniumhq.selenium:selenium-devtools-v86:4.33.0` where the version ("v86") matches the version of the chromium-based browser you're using and the version number of the artifact is the same as Selenium's.
[main] INFO  - 
  _____   ___   ___   _____     ___     _     ___   ___   ___   ___  
 |_   _| | __| / __| |_   _|   | _ \   /_\   / __| / __| | __| |   \ 
   | |   | _|  \__ \   | |     |  _/  / _ \  \__ \ \__ \ | _|  | |) |
   |_|   |___| |___/   |_|     |_|   /_/ \_\ |___/ |___/ |___| |___/ 

Login con credenciales válidas
----------------------------------------------------------------------
]]></system-err>
  </testcase>
  <testcase name="Login con contraseña incorrecta" classname="Gestión de autenticación y contactos en Contact List App" time="5.315">
    <system-out><![CDATA[
Scenario: Login con contraseña incorrecta                                                                # src/test/resources/features/ui/autenticacion_ui.feature:11
  Given que Ana abre la aplicación de Contact List                                                       # com.pruebas.ui.stepdefinitions.AutenticacionUISteps.que_abre_la_aplicacion_de_contact_list(java.lang.String)
  Given que existe un usuario registrado con email "ana_login_fail4@test.com" y contraseña "password123" # com.pruebas.ui.stepdefinitions.AutenticacionUISteps.que_existe_un_usuario_registrado(java.lang.String,java.lang.String)
  When inicia sesión con email "ana_login_fail4@test.com" y contraseña "claveIncorrecta"                 # com.pruebas.ui.stepdefinitions.AutenticacionUISteps.inicia_sesion_con_email_y_contrasena(java.lang.String,java.lang.String)
  Then debería ver un mensaje de error de credenciales inválidas                                         # com.pruebas.ui.stepdefinitions.AutenticacionUISteps.deberia_ver_mensaje_de_error_credenciales_invalidas()
]]></system-out>
    <system-err><![CDATA[[main] INFO  - 
  _____   ___   ___   _____     ___   _____     _     ___   _____   ___   ___  
 |_   _| | __| / __| |_   _|   / __| |_   _|   /_\   | _ \ |_   _| | __| |   \ 
   | |   | _|  \__ \   | |     \__ \   | |    / _ \  |   /   | |   | _|  | |) |
   |_|   |___| |___/   |_|     |___/   |_|   /_/ \_\ |_|_\   |_|   |___| |___/ 

Login con contraseña incorrecta(gestión-de-autenticación-y-contactos-en-contact-list-app;login-con-contraseña-incorrecta)
--------------------------------------------------------------------------------
[main] INFO net.serenitybdd.core.webdriver.driverproviders.ChromeDriverProvider - Starting Chrome driver instance with capabilities:
[main] INFO net.serenitybdd.core.webdriver.driverproviders.ChromeDriverProvider - Capabilities {acceptInsecureCerts: false, browserName: chrome, goog:chromeOptions: {args: [remote-allow-origins=*], extensions: []}}
jun 22, 2026 11:25:17 A. M. org.openqa.selenium.devtools.CdpVersionFinder findNearestMatch
WARNING: Unable to find CDP implementation matching 149
jun 22, 2026 11:25:17 A. M. org.openqa.selenium.chromium.ChromiumDriver lambda$new$4
WARNING: Unable to find version of CDP to use for 149.0.7827.156. You may need to include a dependency on a specific version of the CDP using something similar to `org.seleniumhq.selenium:selenium-devtools-v86:4.33.0` where the version ("v86") matches the version of the chromium-based browser you're using and the version number of the artifact is the same as Selenium's.
[main] INFO  - 
  _____   ___   ___   _____     ___     _     ___   ___   ___   ___  
 |_   _| | __| / __| |_   _|   | _ \   /_\   / __| / __| | __| |   \ 
   | |   | _|  \__ \   | |     |  _/  / _ \  \__ \ \__ \ | _|  | |) |
   |_|   |___| |___/   |_|     |_|   /_/ \_\ |___/ |___/ |___| |___/ 

Login con contraseña incorrecta
----------------------------------------------------------------------
]]></system-err>
  </testcase>
  <testcase name="Logout exitoso" classname="Gestión de autenticación y contactos en Contact List App" time="6.121">
    <system-out><![CDATA[
Scenario: Logout exitoso                                                                             # src/test/resources/features/ui/autenticacion_ui.feature:16
  Given que Ana abre la aplicación de Contact List                                                   # com.pruebas.ui.stepdefinitions.AutenticacionUISteps.que_abre_la_aplicacion_de_contact_list(java.lang.String)
  Given que existe un usuario registrado con email "ana_logout4@test.com" y contraseña "password123" # com.pruebas.ui.stepdefinitions.AutenticacionUISteps.que_existe_un_usuario_registrado(java.lang.String,java.lang.String)
  And inicia sesión con email "ana_logout4@test.com" y contraseña "password123"                      # com.pruebas.ui.stepdefinitions.AutenticacionUISteps.inicia_sesion_con_email_y_contrasena(java.lang.String,java.lang.String)
  When cierra sesión                                                                                 # com.pruebas.ui.stepdefinitions.AutenticacionUISteps.cierra_sesion()
  Then debería ver el formulario de login                                                            # com.pruebas.ui.stepdefinitions.AutenticacionUISteps.deberia_ver_el_formulario_de_login()
]]></system-out>
    <system-err><![CDATA[[main] INFO  - 
  _____   ___   ___   _____     ___   _____     _     ___   _____   ___   ___  
 |_   _| | __| / __| |_   _|   / __| |_   _|   /_\   | _ \ |_   _| | __| |   \ 
   | |   | _|  \__ \   | |     \__ \   | |    / _ \  |   /   | |   | _|  | |) |
   |_|   |___| |___/   |_|     |___/   |_|   /_/ \_\ |_|_\   |_|   |___| |___/ 

Logout exitoso(gestión-de-autenticación-y-contactos-en-contact-list-app;logout-exitoso)
--------------------------------------------------------------------------------
[main] INFO net.serenitybdd.core.webdriver.driverproviders.ChromeDriverProvider - Starting Chrome driver instance with capabilities:
[main] INFO net.serenitybdd.core.webdriver.driverproviders.ChromeDriverProvider - Capabilities {acceptInsecureCerts: false, browserName: chrome, goog:chromeOptions: {args: [remote-allow-origins=*], extensions: []}}
jun 22, 2026 11:25:23 A. M. org.openqa.selenium.devtools.CdpVersionFinder findNearestMatch
WARNING: Unable to find CDP implementation matching 149
jun 22, 2026 11:25:23 A. M. org.openqa.selenium.chromium.ChromiumDriver lambda$new$4
WARNING: Unable to find version of CDP to use for 149.0.7827.156. You may need to include a dependency on a specific version of the CDP using something similar to `org.seleniumhq.selenium:selenium-devtools-v86:4.33.0` where the version ("v86") matches the version of the chromium-based browser you're using and the version number of the artifact is the same as Selenium's.
[main] INFO  - 
  _____   ___   ___   _____     ___     _     ___   ___   ___   ___  
 |_   _| | __| / __| |_   _|   | _ \   /_\   / __| / __| | __| |   \ 
   | |   | _|  \__ \   | |     |  _/  / _ \  \__ \ \__ \ | _|  | |) |
   |_|   |___| |___/   |_|     |_|   /_/ \_\ |___/ |___/ |___| |___/ 

Logout exitoso
----------------------------------------------------------------------
]]></system-err>
  </testcase>
  <testcase name="Crear contacto válido" classname="Gestión de autenticación y contactos en Contact List App" time="7.12">
    <system-out><![CDATA[
Scenario: Crear contacto válido                                                                        # src/test/resources/features/ui/autenticacion_ui.feature:22
  Given que Ana abre la aplicación de Contact List                                                     # com.pruebas.ui.stepdefinitions.AutenticacionUISteps.que_abre_la_aplicacion_de_contact_list(java.lang.String)
  Given que existe un usuario registrado con email "ana_contacto4@test.com" y contraseña "password123" # com.pruebas.ui.stepdefinitions.AutenticacionUISteps.que_existe_un_usuario_registrado(java.lang.String,java.lang.String)
  And inicia sesión con email "ana_contacto4@test.com" y contraseña "password123"                      # com.pruebas.ui.stepdefinitions.AutenticacionUISteps.inicia_sesion_con_email_y_contrasena(java.lang.String,java.lang.String)
  When crea un contacto con nombre "Luis" apellido "Lopez" fechaNacimiento "1990-01-01"                # com.pruebas.ui.stepdefinitions.AutenticacionUISteps.crea_un_contacto_con_nombre_apellido_fecha_nacimiento(java.lang.String,java.lang.String,java.lang.String)
  Then debería ver el contacto "Luis Lopez" en la lista                                                # com.pruebas.ui.stepdefinitions.AutenticacionUISteps.deberia_ver_el_contacto_en_la_lista(java.lang.String)
]]></system-out>
    <system-err><![CDATA[[main] INFO  - 
  _____   ___   ___   _____     ___   _____     _     ___   _____   ___   ___  
 |_   _| | __| / __| |_   _|   / __| |_   _|   /_\   | _ \ |_   _| | __| |   \ 
   | |   | _|  \__ \   | |     \__ \   | |    / _ \  |   /   | |   | _|  | |) |
   |_|   |___| |___/   |_|     |___/   |_|   /_/ \_\ |_|_\   |_|   |___| |___/ 

Crear contacto válido(gestión-de-autenticación-y-contactos-en-contact-list-app;crear-contacto-válido)
--------------------------------------------------------------------------------
[main] INFO net.serenitybdd.core.webdriver.driverproviders.ChromeDriverProvider - Starting Chrome driver instance with capabilities:
[main] INFO net.serenitybdd.core.webdriver.driverproviders.ChromeDriverProvider - Capabilities {acceptInsecureCerts: false, browserName: chrome, goog:chromeOptions: {args: [remote-allow-origins=*], extensions: []}}
jun 22, 2026 11:25:29 A. M. org.openqa.selenium.devtools.CdpVersionFinder findNearestMatch
WARNING: Unable to find CDP implementation matching 149
jun 22, 2026 11:25:29 A. M. org.openqa.selenium.chromium.ChromiumDriver lambda$new$4
WARNING: Unable to find version of CDP to use for 149.0.7827.156. You may need to include a dependency on a specific version of the CDP using something similar to `org.seleniumhq.selenium:selenium-devtools-v86:4.33.0` where the version ("v86") matches the version of the chromium-based browser you're using and the version number of the artifact is the same as Selenium's.
[main] INFO  - 
  _____   ___   ___   _____     ___     _     ___   ___   ___   ___  
 |_   _| | __| / __| |_   _|   | _ \   /_\   / __| / __| | __| |   \ 
   | |   | _|  \__ \   | |     |  _/  / _ \  \__ \ \__ \ | _|  | |) |
   |_|   |___| |___/   |_|     |_|   /_/ \_\ |___/ |___/ |___| |___/ 

Crear contacto válido
----------------------------------------------------------------------
]]></system-err>
  </testcase>
</testsuite>